This is pdfTeX, Version 3.14159265-2.6-1.40.16 (MiKTeX 2.9 64-bit) (preloaded format=pdflatex 2016.3.31)  23 APR 2016 10:35
entering extended mode
**./content.tex
(content.tex
LaTeX2e <2015/10/01> patch level 2
Babel <3.9n> and hyphenation patterns for 69 languages loaded.
("C:\Program Files\MiKTeX 2.9\tex\latex\base\report.cls"
Document Class: report 2014/09/29 v1.4h Standard LaTeX document class
("C:\Program Files\MiKTeX 2.9\tex\latex\base\size12.clo"
File: size12.clo 2014/09/29 v1.4h Standard LaTeX file (size option)
)
\c@part=\count79
\c@chapter=\count80
\c@section=\count81
\c@subsection=\count82
\c@subsubsection=\count83
\c@paragraph=\count84
\c@subparagraph=\count85
\c@figure=\count86
\c@table=\count87
\abovecaptionskip=\skip41
\belowcaptionskip=\skip42
\bibindent=\dimen102
)
("C:\Program Files\MiKTeX 2.9\tex\latex\geometry\geometry.sty"
Package: geometry 2010/09/12 v5.6 Page Geometry

("C:\Program Files\MiKTeX 2.9\tex\latex\graphics\keyval.sty"
Package: keyval 2014/10/28 v1.15 key=value parser (DPC)
\KV@toks@=\toks14
)
("C:\Program Files\MiKTeX 2.9\tex\generic\oberdiek\ifpdf.sty"
Package: ifpdf 2011/01/30 v2.3 Provides the ifpdf switch (HO)
Package ifpdf Info: pdfTeX in PDF mode is detected.
)
("C:\Program Files\MiKTeX 2.9\tex\generic\oberdiek\ifvtex.sty"
Package: ifvtex 2010/03/01 v1.5 Detect VTeX and its facilities (HO)
Package ifvtex Info: VTeX not detected.
)
("C:\Program Files\MiKTeX 2.9\tex\generic\ifxetex\ifxetex.sty"
Package: ifxetex 2010/09/12 v0.6 Provides ifxetex conditional
)
\Gm@cnth=\count88
\Gm@cntv=\count89
\c@Gm@tempcnt=\count90
\Gm@bindingoffset=\dimen103
\Gm@wd@mp=\dimen104
\Gm@odd@mp=\dimen105
\Gm@even@mp=\dimen106
\Gm@layoutwidth=\dimen107
\Gm@layoutheight=\dimen108
\Gm@layouthoffset=\dimen109
\Gm@layoutvoffset=\dimen110
\Gm@dimlist=\toks15

("C:\Program Files\MiKTeX 2.9\tex\latex\geometry\geometry.cfg"))
("C:\Program Files\MiKTeX 2.9\tex\latex\graphics\graphicx.sty"
Package: graphicx 2014/10/28 v1.0g Enhanced LaTeX Graphics (DPC,SPQR)

("C:\Program Files\MiKTeX 2.9\tex\latex\graphics\graphics.sty"
Package: graphics 2014/10/28 v1.0p Standard LaTeX Graphics (DPC,SPQR)

("C:\Program Files\MiKTeX 2.9\tex\latex\graphics\trig.sty"
Package: trig 1999/03/16 v1.09 sin cos tan (DPC)
)
("C:\Program Files\MiKTeX 2.9\tex\latex\00miktex\graphics.cfg"
File: graphics.cfg 2007/01/18 v1.5 graphics configuration of teTeX/TeXLive
)
Package graphics Info: Driver file: pdftex.def on input line 94.

("C:\Program Files\MiKTeX 2.9\tex\latex\pdftex-def\pdftex.def"
File: pdftex.def 2011/05/27 v0.06d Graphics/color for pdfTeX

("C:\Program Files\MiKTeX 2.9\tex\generic\oberdiek\infwarerr.sty"
Package: infwarerr 2010/04/08 v1.3 Providing info/warning/error messages (HO)
)
("C:\Program Files\MiKTeX 2.9\tex\generic\oberdiek\ltxcmds.sty"
Package: ltxcmds 2011/11/09 v1.22 LaTeX kernel commands for general use (HO)
)
\Gread@gobject=\count91
))
\Gin@req@height=\dimen111
\Gin@req@width=\dimen112
)
("C:\Program Files\MiKTeX 2.9\tex\latex\titlesec\titlesec.sty"
Package: titlesec 2016/03/21 v2.10.2 Sectioning titles
\ttl@box=\box26
\beforetitleunit=\skip43
\aftertitleunit=\skip44
\ttl@plus=\dimen113
\ttl@minus=\dimen114
\ttl@toksa=\toks16
\titlewidth=\dimen115
\titlewidthlast=\dimen116
\titlewidthfirst=\dimen117
)
("C:\Program Files\MiKTeX 2.9\tex\latex\acronym\acronym.sty"
Package: acronym 2015/03/21 v1.41 Support for acronyms (Tobias Oetiker)

("C:\Program Files\MiKTeX 2.9\tex\latex\bigfoot\suffix.sty"
Package: suffix 2006/07/15 1.5a Variant command support
)
("C:\Program Files\MiKTeX 2.9\tex\latex\xstring\xstring.sty"
("C:\Program Files\MiKTeX 2.9\tex\generic\xstring\xstring.tex"
\@xs@message=\write3
\integerpart=\count92
\decimalpart=\count93
)
Package: xstring 2013/10/13  v1.7c  String manipulations (C Tellechea)
)
\AC@clearlist=\toks17
)
("C:\Program Files\MiKTeX 2.9\tex\latex\glossaries\base\glossaries.sty"
Package: glossaries 2016/01/24 v4.21 (NLCT)

("C:\Program Files\MiKTeX 2.9\tex\latex\base\ifthen.sty"
Package: ifthen 2014/09/29 v1.1c Standard LaTeX ifthen package (DPC)
)
("C:\Program Files\MiKTeX 2.9\tex\latex\xkeyval\xkeyval.sty"
Package: xkeyval 2014/12/03 v2.7a package option processing (HA)

("C:\Program Files\MiKTeX 2.9\tex\generic\xkeyval\xkeyval.tex"
("C:\Program Files\MiKTeX 2.9\tex\generic\xkeyval\xkvutils.tex"
\XKV@toks=\toks18
\XKV@tempa@toks=\toks19
)
\XKV@depth=\count94
File: xkeyval.tex 2014/12/03 v2.7a key=value parser (HA)
))
("C:\Program Files\MiKTeX 2.9\tex\latex\mfirstuc\mfirstuc.sty"
Package: mfirstuc 2015/12/17 v2.02 (NLCT)

("C:\Program Files\MiKTeX 2.9\tex\latex\etoolbox\etoolbox.sty"
Package: etoolbox 2015/08/02 v2.2a e-TeX tools for LaTeX (JAW)
\etb@tempcnta=\count95
)
\@glsmfirst=\toks20
\@glsmrest=\toks21
)
("C:\Program Files\MiKTeX 2.9\tex\latex\textcase\textcase.sty"
Package: textcase 2004/10/07 v0.07 Text only upper/lower case changing (DPC)
)
("C:\Program Files\MiKTeX 2.9\tex\latex\xfor\xfor.sty"
Package: xfor 2009/02/05 v1.05 (NLCT)
)
("C:\Program Files\MiKTeX 2.9\tex\latex\datatool\datatool-base.sty"
Package: datatool-base 2016/01/18 v2.25 (NLCT)

("C:\Program Files\MiKTeX 2.9\tex\latex\amsmath\amsmath.sty"
Package: amsmath 2013/01/14 v2.14 AMS math features
\@mathmargin=\skip45

For additional information on amsmath, use the `?' option.
("C:\Program Files\MiKTeX 2.9\tex\latex\amsmath\amstext.sty"
Package: amstext 2000/06/29 v2.01

("C:\Program Files\MiKTeX 2.9\tex\latex\amsmath\amsgen.sty"
File: amsgen.sty 1999/11/30 v2.0
\@emptytoks=\toks22
\ex@=\dimen118
))
("C:\Program Files\MiKTeX 2.9\tex\latex\amsmath\amsbsy.sty"
Package: amsbsy 1999/11/29 v1.2d
\pmbraise@=\dimen119
)
("C:\Program Files\MiKTeX 2.9\tex\latex\amsmath\amsopn.sty"
Package: amsopn 1999/12/14 v2.01 operator names
)
\inf@bad=\count96
LaTeX Info: Redefining \frac on input line 210.
\uproot@=\count97
\leftroot@=\count98
LaTeX Info: Redefining \overline on input line 306.
\classnum@=\count99
\DOTSCASE@=\count100
LaTeX Info: Redefining \ldots on input line 378.
LaTeX Info: Redefining \dots on input line 381.
LaTeX Info: Redefining \cdots on input line 466.
\Mathstrutbox@=\box27
\strutbox@=\box28
\big@size=\dimen120
LaTeX Font Info:    Redeclaring font encoding OML on input line 566.
LaTeX Font Info:    Redeclaring font encoding OMS on input line 567.
\macc@depth=\count101
\c@MaxMatrixCols=\count102
\dotsspace@=\muskip10
\c@parentequation=\count103
\dspbrk@lvl=\count104
\tag@help=\toks23
\row@=\count105
\column@=\count106
\maxfields@=\count107
\andhelp@=\toks24
\eqnshift@=\dimen121
\alignsep@=\dimen122
\tagshift@=\dimen123
\tagwidth@=\dimen124
\totwidth@=\dimen125
\lineht@=\dimen126
\@envbody=\toks25
\multlinegap=\skip46
\multlinetaggap=\skip47
\mathdisplay@stack=\toks26
LaTeX Info: Redefining \[ on input line 2665.
LaTeX Info: Redefining \] on input line 2666.
)
("C:\Program Files\MiKTeX 2.9\tex\latex\substr\substr.sty"
Package: substr 2009/10/20 v1.2 Handle substrings
\c@su@anzahl=\count108
)
("C:\Program Files\MiKTeX 2.9\tex\latex\datatool\datatool-fp.sty"
Package: datatool-fp 2016/01/18 v2.25 (NLCT)

("C:\Program Files\MiKTeX 2.9\tex\latex\fp\fp.sty"
Package: fp 1995/04/02

`Fixed Point Package', Version 0.8, April 2, 1995 (C) Michael Mehlich
("C:\Program Files\MiKTeX 2.9\tex\latex\fp\defpattern.sty"
Package: defpattern 1994/10/12
\actioncount=\count109
)
("C:\Program Files\MiKTeX 2.9\tex\latex\fp\fp-basic.sty"
Package: fp-basic 1996/05/13
\FP@xs=\count110
\FP@xia=\count111
\FP@xib=\count112
\FP@xfa=\count113
\FP@xfb=\count114
\FP@rega=\count115
\FP@regb=\count116
\FP@regs=\count117
\FP@times=\count118
)
("C:\Program Files\MiKTeX 2.9\tex\latex\fp\fp-addons.sty"
Package: fp-addons 1995/03/15
)
("C:\Program Files\MiKTeX 2.9\tex\latex\fp\fp-snap.sty"
Package: fp-snap 1995/04/05
)
("C:\Program Files\MiKTeX 2.9\tex\latex\fp\fp-exp.sty"
Package: fp-exp 1995/04/03
)
("C:\Program Files\MiKTeX 2.9\tex\latex\fp\fp-trigo.sty"
Package: fp-trigo 1995/04/14
)
("C:\Program Files\MiKTeX 2.9\tex\latex\fp\fp-pas.sty"
Package: fp-pas 1994/08/29
)
("C:\Program Files\MiKTeX 2.9\tex\latex\fp\fp-random.sty"
Package: fp-random 1995/02/23
\FPseed=\count119
)
("C:\Program Files\MiKTeX 2.9\tex\latex\fp\fp-eqn.sty"
Package: fp-eqn 1995/04/03
)
("C:\Program Files\MiKTeX 2.9\tex\latex\fp\fp-upn.sty"
Package: fp-upn 1996/10/21
)
("C:\Program Files\MiKTeX 2.9\tex\latex\fp\fp-eval.sty"
Package: fp-eval 1995/04/03
)))
\@dtl@toks=\toks27
\@dtl@tmpcount=\count120
\dtl@tmplength=\skip48
\dtl@sortresult=\count121
\@dtl@numgrpsepcount=\count122
\@dtl@datatype=\count123
\dtl@codeA=\count124
\dtl@codeB=\count125
\@dtl@foreach@level=\count126
)
("C:\Program Files\MiKTeX 2.9\tex\latex\glossaries\base\glossaries-compatible-3
07.sty"
Package: glossaries-compatible-307 2016/01/24 v4.21 (NLCT)
)
\gls@level=\count127
\@gls@tmpb=\toks28
\gls@tmplen=\skip49
\glskeylisttok=\toks29
\glslabeltok=\toks30
\glsshorttok=\toks31
\glslongtok=\toks32

("C:\Program Files\MiKTeX 2.9\tex\latex\glossaries\styles\glossary-hypernav.sty
"
Package: glossary-hypernav 2016/01/24 v4.21 (NLCT)
) ("C:\Program Files\MiKTeX 2.9\tex\latex\glossaries\styles\glossary-list.sty"
Package: glossary-list 2016/01/24 v4.21 (NLCT)
\glslistdottedwidth=\skip50
) ("C:\Program Files\MiKTeX 2.9\tex\latex\glossaries\styles\glossary-long.sty"
Package: glossary-long 2016/01/24 v4.21 (NLCT)

("C:\Program Files\MiKTeX 2.9\tex\latex\tools\longtable.sty"
Package: longtable 2014/10/28 v4.11 Multi-page Table package (DPC)
\LTleft=\skip51
\LTright=\skip52
\LTpre=\skip53
\LTpost=\skip54
\LTchunksize=\count128
\LTcapwidth=\dimen127
\LT@head=\box29
\LT@firsthead=\box30
\LT@foot=\box31
\LT@lastfoot=\box32
\LT@cols=\count129
\LT@rows=\count130
\c@LT@tables=\count131
\c@LT@chunks=\count132
\LT@p@ftn=\toks33
)
\glsdescwidth=\skip55
\glspagelistwidth=\skip56
)
("C:\Program Files\MiKTeX 2.9\tex\latex\glossaries\styles\glossary-super.sty"
Package: glossary-super 2016/01/24 v4.21 (NLCT)

("C:\Program Files\MiKTeX 2.9\tex\latex\supertabular\supertabular.sty"
Package: supertabular 2004/02/20 v4.1e the supertabular environment
\c@tracingst=\count133
\ST@wd=\dimen128
\ST@rightskip=\skip57
\ST@leftskip=\skip58
\ST@parfillskip=\skip59
\ST@pageleft=\dimen129
\ST@headht=\dimen130
\ST@tailht=\dimen131
\ST@pagesofar=\dimen132
\ST@pboxht=\dimen133
\ST@lineht=\dimen134
\ST@stretchht=\dimen135
\ST@prevht=\dimen136
\ST@toadd=\dimen137
\ST@dimen=\dimen138
\ST@pbox=\box33
))
("C:\Program Files\MiKTeX 2.9\tex\latex\glossaries\styles\glossary-tree.sty"
Package: glossary-tree 2016/01/24 v4.21 (NLCT)
\glstreeindent=\skip60
))
("C:\Program Files\MiKTeX 2.9\tex\latex\titlesec\titleps.sty"
Package: titleps 2016/03/15 v1.1.1 Page styles

("C:\Program Files\MiKTeX 2.9\tex\latex\titlesec\ttlps.def"
File: ttlps.def 2016/03/15
))
("C:\Program Files\MiKTeX 2.9\tex\latex\tools\indentfirst.sty"
Package: indentfirst 1995/11/23 v1.03 Indent first paragraph (DPC)
)
("C:\Program Files\MiKTeX 2.9\tex\latex\algorithms\algorithmic.sty"
Package: algorithmic 2009/08/24 v0.1 Document Style `algorithmic'
\c@ALC@unique=\count134
\c@ALC@line=\count135
\c@ALC@rem=\count136
\c@ALC@depth=\count137
\ALC@tlm=\skip61
\algorithmicindent=\skip62
)
("C:\Program Files\MiKTeX 2.9\tex\latex\multirow\multirow.sty"
\bigstrutjot=\dimen139
)
("C:\Program Files\MiKTeX 2.9\tex\latex\fancyhdr\fancyhdr.sty"
\fancy@headwidth=\skip63
\f@ncyO@elh=\skip64
\f@ncyO@erh=\skip65
\f@ncyO@olh=\skip66
\f@ncyO@orh=\skip67
\f@ncyO@elf=\skip68
\f@ncyO@erf=\skip69
\f@ncyO@olf=\skip70
\f@ncyO@orf=\skip71
)
("C:\Program Files\MiKTeX 2.9\tex\latex\caption\caption.sty"
Package: caption 2016/02/21 v3.3-144 Customizing captions (AR)

("C:\Program Files\MiKTeX 2.9\tex\latex\caption\caption3.sty"
Package: caption3 2016/02/04 v1.7-139 caption3 kernel (AR)
Package caption3 Info: TeX engine: e-TeX on input line 67.
\captionmargin=\dimen140
\captionmargin@=\dimen141
\captionwidth=\dimen142
\caption@tempdima=\dimen143
\caption@indent=\dimen144
\caption@parindent=\dimen145
\caption@hangindent=\dimen146
)
\c@ContinuedFloat=\count138
Package caption Info: longtable package is loaded.

("C:\Program Files\MiKTeX 2.9\tex\latex\caption\ltcaption.sty"
Package: ltcaption 2013/06/09 v1.4-94 longtable captions (AR)
)
Package caption Info: supertabular package is loaded.
)
("C:\Program Files\MiKTeX 2.9\tex\latex\blindtext\blindtext.sty"
Package: blindtext 2012/01/06 V2.0 blindtext-Package

("C:\Program Files\MiKTeX 2.9\tex\latex\tools\xspace.sty"
Package: xspace 2014/10/28 v1.13 Space after command names (DPC,MH)
)
\c@blindtext=\count139
\c@Blindtext=\count140
\c@blind@countparstart=\count141
\blind@countxx=\count142
\blindtext@numBlindtext=\count143
\blind@countyy=\count144
\c@blindlist=\count145
\c@blindlistlevel=\count146
\c@blindlist@level=\count147
\blind@listitem=\count148
\c@blind@listcount=\count149
\c@blind@levelcount=\count150
\blind@mathformula=\count151
\blind@Mathformula=\count152
\c@blind@randomcount=\count153
\c@blind@randommax=\count154
\c@blind@pangramcount=\count155
\c@blind@pangrammax=\count156
)
("C:\Program Files\MiKTeX 2.9\tex\latex\framed\framed.sty"
Package: framed 2011/10/22 v 0.96: framed or shaded text with page breaks
\OuterFrameSep=\skip72
\fb@frw=\dimen147
\fb@frh=\dimen148
\FrameRule=\dimen149
\FrameSep=\dimen150
)
("C:\Program Files\MiKTeX 2.9\tex\latex\tocloft\tocloft.sty"
Package: tocloft 2013/05/02 v2.3f parameterised ToC, etc., typesetting
Package tocloft Info: The document has chapter divisions on input line 44.
\cftparskip=\skip73
\cftbeforetoctitleskip=\skip74
\cftaftertoctitleskip=\skip75
\cftbeforepartskip=\skip76
\cftpartnumwidth=\skip77
\cftpartindent=\skip78
\cftbeforechapskip=\skip79
\cftchapindent=\skip80
\cftchapnumwidth=\skip81
\cftbeforesecskip=\skip82
\cftsecindent=\skip83
\cftsecnumwidth=\skip84
\cftbeforesubsecskip=\skip85
\cftsubsecindent=\skip86
\cftsubsecnumwidth=\skip87
\cftbeforesubsubsecskip=\skip88
\cftsubsubsecindent=\skip89
\cftsubsubsecnumwidth=\skip90
\cftbeforeparaskip=\skip91
\cftparaindent=\skip92
\cftparanumwidth=\skip93
\cftbeforesubparaskip=\skip94
\cftsubparaindent=\skip95
\cftsubparanumwidth=\skip96
\cftbeforeloftitleskip=\skip97
\cftafterloftitleskip=\skip98
\cftbeforefigskip=\skip99
\cftfigindent=\skip100
\cftfignumwidth=\skip101
\c@lofdepth=\count157
\c@lotdepth=\count158
\cftbeforelottitleskip=\skip102
\cftafterlottitleskip=\skip103
\cftbeforetabskip=\skip104
\cfttabindent=\skip105
\cfttabnumwidth=\skip106
)
("C:\Program Files\MiKTeX 2.9\tex\latex\base\inputenc.sty"
Package: inputenc 2015/03/17 v1.2c Input encoding file
\inpenc@prehook=\toks34
\inpenc@posthook=\toks35

("C:\Program Files\MiKTeX 2.9\tex\latex\base\utf8.def"
File: utf8.def 2015/09/07 v1.1p UTF-8 support for inputenc
Now handling font encoding OML ...
... no UTF-8 mapping file for font encoding OML
Now handling font encoding T1 ...
... processing UTF-8 mapping file for font encoding T1

("C:\Program Files\MiKTeX 2.9\tex\latex\base\t1enc.dfu"
File: t1enc.dfu 2015/09/07 v1.1p UTF-8 support for inputenc
   defining Unicode char U+00A0 (decimal 160)
   defining Unicode char U+00A1 (decimal 161)
   defining Unicode char U+00A3 (decimal 163)
   defining Unicode char U+00AB (decimal 171)
   defining Unicode char U+00AD (decimal 173)
   defining Unicode char U+00BB (decimal 187)
   defining Unicode char U+00BF (decimal 191)
   defining Unicode char U+00C0 (decimal 192)
   defining Unicode char U+00C1 (decimal 193)
   defining Unicode char U+00C2 (decimal 194)
   defining Unicode char U+00C3 (decimal 195)
   defining Unicode char U+00C4 (decimal 196)
   defining Unicode char U+00C5 (decimal 197)
   defining Unicode char U+00C6 (decimal 198)
   defining Unicode char U+00C7 (decimal 199)
   defining Unicode char U+00C8 (decimal 200)
   defining Unicode char U+00C9 (decimal 201)
   defining Unicode char U+00CA (decimal 202)
   defining Unicode char U+00CB (decimal 203)
   defining Unicode char U+00CC (decimal 204)
   defining Unicode char U+00CD (decimal 205)
   defining Unicode char U+00CE (decimal 206)
   defining Unicode char U+00CF (decimal 207)
   defining Unicode char U+00D0 (decimal 208)
   defining Unicode char U+00D1 (decimal 209)
   defining Unicode char U+00D2 (decimal 210)
   defining Unicode char U+00D3 (decimal 211)
   defining Unicode char U+00D4 (decimal 212)
   defining Unicode char U+00D5 (decimal 213)
   defining Unicode char U+00D6 (decimal 214)
   defining Unicode char U+00D8 (decimal 216)
   defining Unicode char U+00D9 (decimal 217)
   defining Unicode char U+00DA (decimal 218)
   defining Unicode char U+00DB (decimal 219)
   defining Unicode char U+00DC (decimal 220)
   defining Unicode char U+00DD (decimal 221)
   defining Unicode char U+00DE (decimal 222)
   defining Unicode char U+00DF (decimal 223)
   defining Unicode char U+00E0 (decimal 224)
   defining Unicode char U+00E1 (decimal 225)
   defining Unicode char U+00E2 (decimal 226)
   defining Unicode char U+00E3 (decimal 227)
   defining Unicode char U+00E4 (decimal 228)
   defining Unicode char U+00E5 (decimal 229)
   defining Unicode char U+00E6 (decimal 230)
   defining Unicode char U+00E7 (decimal 231)
   defining Unicode char U+00E8 (decimal 232)
   defining Unicode char U+00E9 (decimal 233)
   defining Unicode char U+00EA (decimal 234)
   defining Unicode char U+00EB (decimal 235)
   defining Unicode char U+00EC (decimal 236)
   defining Unicode char U+00ED (decimal 237)
   defining Unicode char U+00EE (decimal 238)
   defining Unicode char U+00EF (decimal 239)
   defining Unicode char U+00F0 (decimal 240)
   defining Unicode char U+00F1 (decimal 241)
   defining Unicode char U+00F2 (decimal 242)
   defining Unicode char U+00F3 (decimal 243)
   defining Unicode char U+00F4 (decimal 244)
   defining Unicode char U+00F5 (decimal 245)
   defining Unicode char U+00F6 (decimal 246)
   defining Unicode char U+00F8 (decimal 248)
   defining Unicode char U+00F9 (decimal 249)
   defining Unicode char U+00FA (decimal 250)
   defining Unicode char U+00FB (decimal 251)
   defining Unicode char U+00FC (decimal 252)
   defining Unicode char U+00FD (decimal 253)
   defining Unicode char U+00FE (decimal 254)
   defining Unicode char U+00FF (decimal 255)
   defining Unicode char U+0102 (decimal 258)
   defining Unicode char U+0103 (decimal 259)
   defining Unicode char U+0104 (decimal 260)
   defining Unicode char U+0105 (decimal 261)
   defining Unicode char U+0106 (decimal 262)
   defining Unicode char U+0107 (decimal 263)
   defining Unicode char U+010C (decimal 268)
   defining Unicode char U+010D (decimal 269)
   defining Unicode char U+010E (decimal 270)
   defining Unicode char U+010F (decimal 271)
   defining Unicode char U+0110 (decimal 272)
   defining Unicode char U+0111 (decimal 273)
   defining Unicode char U+0118 (decimal 280)
   defining Unicode char U+0119 (decimal 281)
   defining Unicode char U+011A (decimal 282)
   defining Unicode char U+011B (decimal 283)
   defining Unicode char U+011E (decimal 286)
   defining Unicode char U+011F (decimal 287)
   defining Unicode char U+0130 (decimal 304)
   defining Unicode char U+0131 (decimal 305)
   defining Unicode char U+0132 (decimal 306)
   defining Unicode char U+0133 (decimal 307)
   defining Unicode char U+0139 (decimal 313)
   defining Unicode char U+013A (decimal 314)
   defining Unicode char U+013D (decimal 317)
   defining Unicode char U+013E (decimal 318)
   defining Unicode char U+0141 (decimal 321)
   defining Unicode char U+0142 (decimal 322)
   defining Unicode char U+0143 (decimal 323)
   defining Unicode char U+0144 (decimal 324)
   defining Unicode char U+0147 (decimal 327)
   defining Unicode char U+0148 (decimal 328)
   defining Unicode char U+014A (decimal 330)
   defining Unicode char U+014B (decimal 331)
   defining Unicode char U+0150 (decimal 336)
   defining Unicode char U+0151 (decimal 337)
   defining Unicode char U+0152 (decimal 338)
   defining Unicode char U+0153 (decimal 339)
   defining Unicode char U+0154 (decimal 340)
   defining Unicode char U+0155 (decimal 341)
   defining Unicode char U+0158 (decimal 344)
   defining Unicode char U+0159 (decimal 345)
   defining Unicode char U+015A (decimal 346)
   defining Unicode char U+015B (decimal 347)
   defining Unicode char U+015E (decimal 350)
   defining Unicode char U+015F (decimal 351)
   defining Unicode char U+0160 (decimal 352)
   defining Unicode char U+0161 (decimal 353)
   defining Unicode char U+0162 (decimal 354)
   defining Unicode char U+0163 (decimal 355)
   defining Unicode char U+0164 (decimal 356)
   defining Unicode char U+0165 (decimal 357)
   defining Unicode char U+016E (decimal 366)
   defining Unicode char U+016F (decimal 367)
   defining Unicode char U+0170 (decimal 368)
   defining Unicode char U+0171 (decimal 369)
   defining Unicode char U+0174 (decimal 372)
   defining Unicode char U+0175 (decimal 373)
   defining Unicode char U+0176 (decimal 374)
   defining Unicode char U+0177 (decimal 375)
   defining Unicode char U+0178 (decimal 376)
   defining Unicode char U+0179 (decimal 377)
   defining Unicode char U+017A (decimal 378)
   defining Unicode char U+017B (decimal 379)
   defining Unicode char U+017C (decimal 380)
   defining Unicode char U+017D (decimal 381)
   defining Unicode char U+017E (decimal 382)
   defining Unicode char U+0218 (decimal 536)
   defining Unicode char U+0219 (decimal 537)
   defining Unicode char U+021A (decimal 538)
   defining Unicode char U+021B (decimal 539)
   defining Unicode char U+200C (decimal 8204)
   defining Unicode char U+2013 (decimal 8211)
   defining Unicode char U+2014 (decimal 8212)
   defining Unicode char U+2018 (decimal 8216)
   defining Unicode char U+2019 (decimal 8217)
   defining Unicode char U+201A (decimal 8218)
   defining Unicode char U+201C (decimal 8220)
   defining Unicode char U+201D (decimal 8221)
   defining Unicode char U+201E (decimal 8222)
   defining Unicode char U+2030 (decimal 8240)
   defining Unicode char U+2031 (decimal 8241)
   defining Unicode char U+2039 (decimal 8249)
   defining Unicode char U+203A (decimal 8250)
   defining Unicode char U+2423 (decimal 9251)
)
Now handling font encoding OT1 ...
... processing UTF-8 mapping file for font encoding OT1

("C:\Program Files\MiKTeX 2.9\tex\latex\base\ot1enc.dfu"
File: ot1enc.dfu 2015/09/07 v1.1p UTF-8 support for inputenc
   defining Unicode char U+00A0 (decimal 160)
   defining Unicode char U+00A1 (decimal 161)
   defining Unicode char U+00A3 (decimal 163)
   defining Unicode char U+00AD (decimal 173)
   defining Unicode char U+00B8 (decimal 184)
   defining Unicode char U+00BF (decimal 191)
   defining Unicode char U+00C5 (decimal 197)
   defining Unicode char U+00C6 (decimal 198)
   defining Unicode char U+00D8 (decimal 216)
   defining Unicode char U+00DF (decimal 223)
   defining Unicode char U+00E6 (decimal 230)
   defining Unicode char U+00EC (decimal 236)
   defining Unicode char U+00ED (decimal 237)
   defining Unicode char U+00EE (decimal 238)
   defining Unicode char U+00EF (decimal 239)
   defining Unicode char U+00F8 (decimal 248)
   defining Unicode char U+0131 (decimal 305)
   defining Unicode char U+0141 (decimal 321)
   defining Unicode char U+0142 (decimal 322)
   defining Unicode char U+0152 (decimal 338)
   defining Unicode char U+0153 (decimal 339)
   defining Unicode char U+0174 (decimal 372)
   defining Unicode char U+0175 (decimal 373)
   defining Unicode char U+0176 (decimal 374)
   defining Unicode char U+0177 (decimal 375)
   defining Unicode char U+0218 (decimal 536)
   defining Unicode char U+0219 (decimal 537)
   defining Unicode char U+021A (decimal 538)
   defining Unicode char U+021B (decimal 539)
   defining Unicode char U+2013 (decimal 8211)
   defining Unicode char U+2014 (decimal 8212)
   defining Unicode char U+2018 (decimal 8216)
   defining Unicode char U+2019 (decimal 8217)
   defining Unicode char U+201C (decimal 8220)
   defining Unicode char U+201D (decimal 8221)
)
Now handling font encoding OMS ...
... processing UTF-8 mapping file for font encoding OMS

("C:\Program Files\MiKTeX 2.9\tex\latex\base\omsenc.dfu"
File: omsenc.dfu 2015/09/07 v1.1p UTF-8 support for inputenc
   defining Unicode char U+00A7 (decimal 167)
   defining Unicode char U+00B6 (decimal 182)
   defining Unicode char U+00B7 (decimal 183)
   defining Unicode char U+2020 (decimal 8224)
   defining Unicode char U+2021 (decimal 8225)
   defining Unicode char U+2022 (decimal 8226)
)
Now handling font encoding OMX ...
... no UTF-8 mapping file for font encoding OMX
Now handling font encoding U ...
... no UTF-8 mapping file for font encoding U
   defining Unicode char U+00A9 (decimal 169)
   defining Unicode char U+00AA (decimal 170)
   defining Unicode char U+00AE (decimal 174)
   defining Unicode char U+00BA (decimal 186)
   defining Unicode char U+02C6 (decimal 710)
   defining Unicode char U+02DC (decimal 732)
   defining Unicode char U+200C (decimal 8204)
   defining Unicode char U+2026 (decimal 8230)
   defining Unicode char U+2122 (decimal 8482)
   defining Unicode char U+2423 (decimal 9251)
))
("C:\Program Files\MiKTeX 2.9\tex\generic\babel\babel.sty"
Package: babel 2016/01/08 3.9n The Babel package

*************************************
* Local config file bblopts.cfg used
*
("C:\Program Files\MiKTeX 2.9\tex\latex\00miktex\bblopts.cfg"
File: bblopts.cfg 2006/07/31 v1.0 MiKTeX 'babel' configuration
)
("C:\Program Files\MiKTeX 2.9\tex\latex\babel-english\english.ldf"
Language: english 2012/08/20 v3.3p English support from the babel system

("C:\Program Files\MiKTeX 2.9\tex\generic\babel\babel.def"
File: babel.def 2016/01/08 3.9n Babel common definitions
\babel@savecnt=\count159
\U@D=\dimen151
)
\l@canadian = a dialect from \language\l@american 
\l@australian = a dialect from \language\l@british 
\l@newzealand = a dialect from \language\l@british 
))
("C:\Program Files\MiKTeX 2.9\tex\latex\tocbibind\tocbibind.sty"
Package: tocbibind 2010/10/13 v1.5k extra ToC listings
Package tocbibind Info: The document has chapter divisions on input line 50.


Package tocbibind Note: Using chapter style headings, unless overridden.

) ("C:\Program Files\MiKTeX 2.9\tex\latex\booktabs\booktabs.sty"
Package: booktabs 2005/04/14 v1.61803 publication quality tables
\heavyrulewidth=\dimen152
\lightrulewidth=\dimen153
\cmidrulewidth=\dimen154
\belowrulesep=\dimen155
\belowbottomsep=\dimen156
\aboverulesep=\dimen157
\abovetopsep=\dimen158
\cmidrulesep=\dimen159
\cmidrulekern=\dimen160
\defaultaddspace=\dimen161
\@cmidla=\count160
\@cmidlb=\count161
\@aboverulesep=\dimen162
\@belowrulesep=\dimen163
\@thisruleclass=\count162
\@lastruleclass=\count163
\@thisrulewidth=\dimen164
)
("C:\Program Files\MiKTeX 2.9\tex\latex\psnfss\times.sty"
Package: times 2005/04/12 PSNFSS-v9.2a (SPQR) 
)
("C:\Program Files\MiKTeX 2.9\tex\latex\pdfpages\pdfpages.sty"
Package: pdfpages 2016/04/13 v0.5e Insert pages of external PDF documents (AM)

("C:\Program Files\MiKTeX 2.9\tex\latex\tools\calc.sty"
Package: calc 2014/10/28 v4.3 Infix arithmetic (KKT,FJ)
\calc@Acount=\count164
\calc@Bcount=\count165
\calc@Adimen=\dimen165
\calc@Bdimen=\dimen166
\calc@Askip=\skip107
\calc@Bskip=\skip108
LaTeX Info: Redefining \setlength on input line 80.
LaTeX Info: Redefining \addtolength on input line 81.
\calc@Ccount=\count166
\calc@Cskip=\skip109
)
("C:\Program Files\MiKTeX 2.9\tex\latex\eso-pic\eso-pic.sty"
Package: eso-pic 2015/07/21 v2.0g eso-pic (RN)

("C:\Program Files\MiKTeX 2.9\tex\generic\oberdiek\atbegshi.sty"
Package: atbegshi 2011/10/05 v1.16 At begin shipout hook (HO)
)
("C:\Program Files\MiKTeX 2.9\tex\latex\xcolor\xcolor.sty"
Package: xcolor 2007/01/21 v2.11 LaTeX color extensions (UK)

("C:\Program Files\MiKTeX 2.9\tex\latex\00miktex\color.cfg"
File: color.cfg 2007/01/18 v1.5 color configuration of teTeX/TeXLive
)
Package xcolor Info: Driver file: pdftex.def on input line 225.
Package xcolor Info: Model `cmy' substituted by `cmy0' on input line 1337.
Package xcolor Info: Model `hsb' substituted by `rgb' on input line 1341.
Package xcolor Info: Model `RGB' extended on input line 1353.
Package xcolor Info: Model `HTML' substituted by `rgb' on input line 1355.
Package xcolor Info: Model `Hsb' substituted by `hsb' on input line 1356.
Package xcolor Info: Model `tHsb' substituted by `hsb' on input line 1357.
Package xcolor Info: Model `HSB' substituted by `hsb' on input line 1358.
Package xcolor Info: Model `Gray' substituted by `gray' on input line 1359.
Package xcolor Info: Model `wave' substituted by `hsb' on input line 1360.
))
\AM@pagewidth=\dimen167
\AM@pageheight=\dimen168

("C:\Program Files\MiKTeX 2.9\tex\latex\pdfpages\pppdftex.def"
File: pppdftex.def 2016/04/13 v0.5e Pdfpages driver for pdfTeX (AM)
)
\AM@pagebox=\box34
\AM@toc@title=\toks36
\c@AM@survey=\count167
\AM@templatesizebox=\box35
)
("C:\Program Files\MiKTeX 2.9\tex\latex\oberdiek\pdflscape.sty"
Package: pdflscape 2008/08/11 v0.10 Display of landscape pages in PDF (HO)

("C:\Program Files\MiKTeX 2.9\tex\latex\graphics\lscape.sty"
Package: lscape 2000/10/22 v3.01 Landscape Pages (DPC)
)
Package pdflscape Info: Auto-detected driver: pdftex on input line 80.
)
("C:\Program Files\MiKTeX 2.9\tex\latex\appendix\appendix.sty"
Package: appendix 2009/09/02 v1.2b extra appendix facilities
\c@@pps=\count168
\c@@ppsavesec=\count169
\c@@ppsaveapp=\count170
) (content.aux

LaTeX Warning: Label `latexcompanion' multiply defined.


LaTeX Warning: Label `latexcompanion' multiply defined.


LaTeX Warning: Label `latexcompanion' multiply defined.


LaTeX Warning: Label `latexcompanion' multiply defined.


LaTeX Warning: Label `latexcompanion' multiply defined.


LaTeX Warning: Label `latexcompanion' multiply defined.

)
\openout1 = `content.aux'.

LaTeX Font Info:    Checking defaults for OML/cmm/m/it on input line 49.
LaTeX Font Info:    ... okay on input line 49.
LaTeX Font Info:    Checking defaults for T1/cmr/m/n on input line 49.
LaTeX Font Info:    ... okay on input line 49.
LaTeX Font Info:    Checking defaults for OT1/cmr/m/n on input line 49.
LaTeX Font Info:    ... okay on input line 49.
LaTeX Font Info:    Checking defaults for OMS/cmsy/m/n on input line 49.
LaTeX Font Info:    ... okay on input line 49.
LaTeX Font Info:    Checking defaults for OMX/cmex/m/n on input line 49.
LaTeX Font Info:    ... okay on input line 49.
LaTeX Font Info:    Checking defaults for U/cmr/m/n on input line 49.
LaTeX Font Info:    ... okay on input line 49.
LaTeX Font Info:    Try loading font information for OT1+ptm on input line 49.
 ("C:\Program Files\MiKTeX 2.9\tex\latex\psnfss\ot1ptm.fd"
File: ot1ptm.fd 2001/06/04 font definitions for OT1/ptm.
)
*geometry* driver: auto-detecting
*geometry* detected driver: pdftex
*geometry* verbose mode - [ preamble ] result:
* driver: pdftex
* paper: a4paper
* layout: <same size as paper>
* layoutoffset:(h,v)=(0.0pt,0.0pt)
* modes: 
* h-part:(L,W,R)=(85.35826pt, 455.24411pt, 56.9055pt)
* v-part:(T,H,B)=(71.13188pt, 711.31891pt, 62.59605pt)
* \paperwidth=597.50787pt
* \paperheight=845.04684pt
* \textwidth=455.24411pt
* \textheight=711.31891pt
* \oddsidemargin=13.08827pt
* \evensidemargin=13.08827pt
* \topmargin=-43.81721pt
* \headheight=8.53581pt
* \headsep=34.1433pt
* \topskip=12.0pt
* \footskip=30.0pt
* \marginparwidth=35.0pt
* \marginparsep=10.0pt
* \columnsep=10.0pt
* \skip\footins=10.8pt plus 4.0pt minus 2.0pt
* \hoffset=0.0pt
* \voffset=0.0pt
* \mag=1000
* \@twocolumnfalse
* \@twosidefalse
* \@mparswitchfalse
* \@reversemarginfalse
* (1in=72.27pt=25.4mm, 1cm=28.453pt)

("C:\Program Files\MiKTeX 2.9\tex\context\base\supp-pdf.mkii"
[Loading MPS to PDF converter (version 2006.09.02).]
\scratchcounter=\count171
\scratchdimen=\dimen169
\scratchbox=\box36
\nofMPsegments=\count172
\nofMParguments=\count173
\everyMPshowfont=\toks37
\MPscratchCnt=\count174
\MPscratchDim=\dimen170
\MPnumerator=\count175
\makeMPintoPDFobject=\count176
\everyMPtoPDFconversion=\toks38
)
Package caption Info: Begin \AtBeginDocument code.
Package caption Info: End \AtBeginDocument code.
\AtBeginShipoutBox=\box37
LaTeX Font Info:    Font shape `OT1/ptm/bx/n' in size <24.88> not available
(Font)              Font shape `OT1/ptm/b/n' tried instead on input line 55.
 [1


{C:/Users/Zilu/AppData/Local/MiKTeX/2.9/pdftex/config/pdftex.map}]
(content.toc
LaTeX Font Info:    Font shape `OT1/ptm/bx/n' in size <12> not available
(Font)              Font shape `OT1/ptm/b/n' tried instead on input line 1.
 [2])
\tf@toc=\write4
\openout4 = `content.toc'.

 [3] (content.lof)
\tf@lof=\write5
\openout5 = `content.lof'.

 [4] (content.lot)
\tf@lot=\write6
\openout6 = `content.lot'.

 [5] [6

]
Chapter 1.
[1

]
Chapter 2.
LaTeX Font Info:    Font shape `OT1/ptm/bx/n' in size <17.28> not available
(Font)              Font shape `OT1/ptm/b/n' tried instead on input line 99.
[2

]
LaTeX Font Info:    Font shape `OT1/ptm/bx/n' in size <14.4> not available
(Font)              Font shape `OT1/ptm/b/n' tried instead on input line 103.
LaTeX Font Info:    Try loading font information for OMS+ptm on input line 105.

 ("C:\Program Files\MiKTeX 2.9\tex\latex\psnfss\omsptm.fd"
File: omsptm.fd 
)
LaTeX Font Info:    Font shape `OMS/ptm/m/n' in size <12> not available
(Font)              Font shape `OMS/cmsy/m/n' tried instead on input line 105.


Package Fancyhdr Warning: \headheight is too small (8.53581pt): 
 Make it at least 14.49998pt.
 We now make it that large for the rest of the document.
 This may cause the page layout to be inconsistent, however.

[3]
Chapter 3.
[4

]
Chapter 4.
[5

]

Package Fancyhdr Warning: \headheight is too small (8.53581pt): 
 Make it at least 14.49998pt.
 We now make it that large for the rest of the document.
 This may cause the page layout to be inconsistent, however.

[6]
Chapter 5.
<images/Architecture.jpg, id=42, 621.82312pt x 471.26062pt>
File: images/Architecture.jpg Graphic file (type jpg)

<use images/Architecture.jpg>
Package pdftex.def Info: images/Architecture.jpg used on input line 144.
(pdftex.def)             Requested size: 319.11812pt x 241.84842pt.
 [7

 <./images/Architecture.jpg>]
<images/DFD1.jpg, id=47, 395.22656pt x 169.38281pt>
File: images/DFD1.jpg Graphic file (type jpg)
 <use images/DFD1.jpg>
Package pdftex.def Info: images/DFD1.jpg used on input line 153.
(pdftex.def)             Requested size: 398.3555pt x 170.71652pt.

<images/Dfd_level1.jpg, id=48, 452.4403pt x 375.65344pt>
File: images/Dfd_level1.jpg Graphic file (type jpg)

<use images/Dfd_level1.jpg>
Package pdftex.def Info: images/Dfd_level1.jpg used on input line 159.
(pdftex.def)             Requested size: 291.28673pt x 241.84842pt.


Package Fancyhdr Warning: \headheight is too small (8.53581pt): 
 Make it at least 14.49998pt.
 We now make it that large for the rest of the document.
 This may cause the page layout to be inconsistent, however.

[8 <./images/DFD1.jpg>] <images/level21.jpg, id=52, 518.6878pt x 358.33875pt>
File: images/level21.jpg Graphic file (type jpg)

<use images/level21.jpg>
Package pdftex.def Info: images/level21.jpg used on input line 165.
(pdftex.def)             Requested size: 333.60529pt x 230.46748pt.


Package Fancyhdr Warning: \headheight is too small (8.53581pt): 
 Make it at least 14.49998pt.
 We now make it that large for the rest of the document.
 This may cause the page layout to be inconsistent, however.

[9 <./images/Dfd_level1.jpg> <./images/level21.jpg>]
<images/level22.jpg, id=56, 528.47438pt x 407.27156pt>
File: images/level22.jpg Graphic file (type jpg)

<use images/level22.jpg>
Package pdftex.def Info: images/level22.jpg used on input line 170.
(pdftex.def)             Requested size: 295.36304pt x 227.62204pt.

<images/level23.jpg, id=57, 551.05875pt x 417.81094pt>
File: images/level23.jpg Graphic file (type jpg)

<use images/level23.jpg>
Package pdftex.def Info: images/level23.jpg used on input line 175.
(pdftex.def)             Requested size: 318.98366pt x 241.84842pt.


Package Fancyhdr Warning: \headheight is too small (8.53581pt): 
 Make it at least 14.49998pt.
 We now make it that large for the rest of the document.
 This may cause the page layout to be inconsistent, however.

[10 <./images/level22.jpg> <./images/level23.jpg>]
<images/level24.jpg, id=61, 535.2497pt x 377.91188pt>
File: images/level24.jpg Graphic file (type jpg)
 <use images/level24.jpg>
Package pdftex.def Info: images/level24.jpg used on input line 180.
(pdftex.def)             Requested size: 362.69089pt x 256.0748pt.

<images/usecase.jpg, id=62, 462.22687pt x 638.385pt>
File: images/usecase.jpg Graphic file (type jpg)
 <use images/usecase.jpg>
Package pdftex.def Info: images/usecase.jpg used on input line 188.
(pdftex.def)             Requested size: 329.62218pt x 455.24408pt.


Package Fancyhdr Warning: \headheight is too small (8.53581pt): 
 Make it at least 14.49998pt.
 We now make it that large for the rest of the document.
 This may cause the page layout to be inconsistent, however.

[11 <./images/level24.jpg>]

Package Fancyhdr Warning: \headheight is too small (8.53581pt): 
 Make it at least 14.49998pt.
 We now make it that large for the rest of the document.
 This may cause the page layout to be inconsistent, however.

[12 <./images/usecase.jpg>]
<images/activity.jpg, id=69, 471.26062pt x 638.385pt>
File: images/activity.jpg Graphic file (type jpg)

<use images/activity.jpg>
Package pdftex.def Info: images/activity.jpg used on input line 199.
(pdftex.def)             Requested size: 294.05537pt x 398.33858pt.


Package Fancyhdr Warning: \headheight is too small (8.53581pt): 
 Make it at least 14.49998pt.
 We now make it that large for the rest of the document.
 This may cause the page layout to be inconsistent, however.

[13 <./images/activity.jpg>] <images/state.jpg, id=74, 650.43pt x 573.64313pt>
File: images/state.jpg Graphic file (type jpg)

<use images/state.jpg>
Package pdftex.def Info: images/state.jpg used on input line 206.
(pdftex.def)             Requested size: 451.66544pt x 398.33858pt.


Package Fancyhdr Warning: \headheight is too small (8.53581pt): 
 Make it at least 14.49998pt.
 We now make it that large for the rest of the document.
 This may cause the page layout to be inconsistent, however.

[14 <./images/state.jpg>]
Chapter 6.
<images/installation.jpg, id=78, 1028.34187pt x 578.16pt>
File: images/installation.jpg Graphic file (type jpg)

<use images/installation.jpg>
Package pdftex.def Info: images/installation.jpg used on input line 224.
(pdftex.def)             Requested size: 455.45316pt x 256.0748pt.
 [15

]
<images/twitterapi.jpg, id=82, 1028.34187pt x 888.31876pt>
File: images/twitterapi.jpg Graphic file (type jpg)

<use images/twitterapi.jpg>
Package pdftex.def Info: images/twitterapi.jpg used on input line 230.
(pdftex.def)             Requested size: 455.24918pt x 227.62299pt.


Package Fancyhdr Warning: \headheight is too small (8.53581pt): 
 Make it at least 14.49998pt.
 We now make it that large for the rest of the document.
 This may cause the page layout to be inconsistent, however.

[16 <./images/installation.jpg> <./images/twitterapi.jpg>]
<images/flume.jpg, id=86, 1028.34187pt x 578.16pt>
File: images/flume.jpg Graphic file (type jpg)
 <use images/flume.jpg>
Package pdftex.def Info: images/flume.jpg used on input line 237.
(pdftex.def)             Requested size: 455.24918pt x 199.16547pt.

<images/homepage.jpg, id=87, 1028.34187pt x 578.16pt>
File: images/homepage.jpg Graphic file (type jpg)

<use images/homepage.jpg>
Package pdftex.def Info: images/homepage.jpg used on input line 242.
(pdftex.def)             Requested size: 455.24918pt x 227.61641pt.


Package Fancyhdr Warning: \headheight is too small (8.53581pt): 
 Make it at least 14.49998pt.
 We now make it that large for the rest of the document.
 This may cause the page layout to be inconsistent, however.

[17 <./images/flume.jpg> <./images/homepage.jpg>]
<images/output.jpg, id=91, 1028.34187pt x 578.16pt>
File: images/output.jpg Graphic file (type jpg)
 <use images/output.jpg>
Package pdftex.def Info: images/output.jpg used on input line 248.
(pdftex.def)             Requested size: 455.24918pt x 256.06737pt.


Package Fancyhdr Warning: \headheight is too small (8.53581pt): 
 Make it at least 14.49998pt.
 We now make it that large for the rest of the document.
 This may cause the page layout to be inconsistent, however.

[18 <./images/output.jpg>]
<images/processingmoldule.jpg, id=95, 496.10344pt x 234.1247pt>
File: images/processingmoldule.jpg Graphic file (type jpg)

<use images/processingmoldule.jpg>
Package pdftex.def Info: images/processingmoldule.jpg used on input line 266.
(pdftex.def)             Requested size: 455.24736pt x 199.17839pt.

Underfull \hbox (badness 10000) in paragraph at lines 269--286

 []


Underfull \hbox (badness 10000) in paragraph at lines 269--286

 []


Underfull \hbox (badness 10000) in paragraph at lines 269--286

 []


Underfull \hbox (badness 10000) in paragraph at lines 269--286

 []


Underfull \hbox (badness 10000) in paragraph at lines 269--286

 []


Package Fancyhdr Warning: \headheight is too small (8.53581pt): 
 Make it at least 14.49998pt.
 We now make it that large for the rest of the document.
 This may cause the page layout to be inconsistent, however.

[19 <./images/processingmoldule.jpg>]
<images/codepreprocessing.jpg, id=100, 614.295pt x 161.10187pt>
File: images/codepreprocessing.jpg Graphic file (type jpg)

<use images/codepreprocessing.jpg>
Package pdftex.def Info: images/codepreprocessing.jpg used on input line 287.
(pdftex.def)             Requested size: 433.98724pt x 113.81102pt.


Package Fancyhdr Warning: \headheight is too small (8.53581pt): 
 Make it at least 14.49998pt.
 We now make it that large for the rest of the document.
 This may cause the page layout to be inconsistent, however.

[20] <images/SplitterModule.jpg, id=104, 794.97pt x 144.54pt>
File: images/SplitterModule.jpg Graphic file (type jpg)

<use images/SplitterModule.jpg>
Package pdftex.def Info: images/SplitterModule.jpg used on input line 294.
(pdftex.def)             Requested size: 500.76097pt x 91.04872pt.

Overfull \hbox (45.51686pt too wide) in paragraph at lines 294--295
 [] 
 []

<images/codeposttagging.jpg, id=105, 445.665pt x 182.18062pt>
File: images/codeposttagging.jpg Graphic file (type jpg)

<use images/codeposttagging.jpg>
Package pdftex.def Info: images/codeposttagging.jpg used on input line 303.
(pdftex.def)             Requested size: 417.6331pt x 170.71652pt.


Package Fancyhdr Warning: \headheight is too small (8.53581pt): 
 Make it at least 14.49998pt.
 We now make it that large for the rest of the document.
 This may cause the page layout to be inconsistent, however.

[21 <./images/codepreprocessing.jpg> <./images/SplitterModule.jpg>]
<images/codelemmatize.jpg, id=109, 462.97969pt x 58.71938pt>
File: images/codelemmatize.jpg Graphic file (type jpg)

<use images/codelemmatize.jpg>
Package pdftex.def Info: images/codelemmatize.jpg used on input line 312.
(pdftex.def)             Requested size: 448.68001pt x 56.9055pt.

<images/SentenceScoreModule.jpg, id=110, 830.35219pt x 286.06876pt>
File: images/SentenceScoreModule.jpg Graphic file (type jpg)

<use images/SentenceScoreModule.jpg>
Package pdftex.def Info: images/SentenceScoreModule.jpg used on input line 318.

(pdftex.def)             Requested size: 495.52908pt x 170.71652pt.

Overfull \hbox (40.28497pt too wide) in paragraph at lines 318--319
 [] 
 []


Package Fancyhdr Warning: \headheight is too small (8.53581pt): 
 Make it at least 14.49998pt.
 We now make it that large for the rest of the document.
 This may cause the page layout to be inconsistent, however.

[22 <./images/codeposttagging.jpg> <./images/codelemmatize.jpg>]
<images/1.jpg, id=114, 430.60875pt x 51.19125pt>
File: images/1.jpg Graphic file (type jpg)
 <use images/1.jpg>
Package pdftex.def Info: images/1.jpg used on input line 325.
(pdftex.def)             Requested size: 359.02808pt x 42.67912pt.

<images/2.jpg, id=115, 501.37312pt x 44.41594pt>
File: images/2.jpg Graphic file (type jpg)
 <use images/2.jpg>
Package pdftex.def Info: images/2.jpg used on input line 329.
(pdftex.def)             Requested size: 449.66331pt x 39.83368pt.

<images/3.jpg, id=116, 517.18219pt x 37.64063pt>
File: images/3.jpg Graphic file (type jpg)
 <use images/3.jpg>
Package pdftex.def Info: images/3.jpg used on input line 334.
(pdftex.def)             Requested size: 430.05815pt x 31.2982pt.

<images/4.jpg, id=117, 263.48438pt x 190.46156pt>
File: images/4.jpg Graphic file (type jpg)
 <use images/4.jpg>
Package pdftex.def Info: images/4.jpg used on input line 338.
(pdftex.def)             Requested size: 236.17686pt x 170.71652pt.


Package Fancyhdr Warning: \headheight is too small (8.53581pt): 
 Make it at least 14.49998pt.
 We now make it that large for the rest of the document.
 This may cause the page layout to be inconsistent, however.

[23 <./images/SentenceScoreModule.jpg> <./images/1.jpg> <./images/2.jpg> <./ima
ges/3.jpg>] <images/5.jpg, id=121, 328.22626pt x 190.46156pt>
File: images/5.jpg Graphic file (type jpg)

<use images/5.jpg>
Package pdftex.def Info: images/5.jpg used on input line 342.
(pdftex.def)             Requested size: 294.20891pt x 170.71652pt.
 <images/6.jpg, id=122, 410.2828pt x 44.41594pt>
File: images/6.jpg Graphic file (type jpg)

<use images/6.jpg>
Package pdftex.def Info: images/6.jpg used on input line 346.
(pdftex.def)             Requested size: 394.2489pt x 42.67912pt.


Package Fancyhdr Warning: \headheight is too small (8.53581pt): 
 Make it at least 14.49998pt.
 We now make it that large for the rest of the document.
 This may cause the page layout to be inconsistent, however.

[24 <./images/4.jpg> <./images/5.jpg> <./images/6.jpg>]
Chapter 7.

Overfull \hbox (0.59254pt too wide) in paragraph at lines 355--360
[]\OT1/ptm/m/n/12 Python is a multi-paradigm pro-gram-ming lan-guage: object-or
iented pro-gram-ming and struc-
 []

[25

] <images/architectureHadoop.jpg, id=130, 578.91281pt x 359.84438pt>
File: images/architectureHadoop.jpg Graphic file (type jpg)

<use images/architectureHadoop.jpg>
Package pdftex.def Info: images/architectureHadoop.jpg used on input line 369.
(pdftex.def)             Requested size: 265.49927pt x 165.02606pt.


Package Fancyhdr Warning: \headheight is too small (8.53581pt): 
 Make it at least 14.49998pt.
 We now make it that large for the rest of the document.
 This may cause the page layout to be inconsistent, however.

[26 <./images/architectureHadoop.jpg>]

Package Fancyhdr Warning: \headheight is too small (8.53581pt): 
 Make it at least 14.49998pt.
 We now make it that large for the rest of the document.
 This may cause the page layout to be inconsistent, however.

[27]
Chapter 8.
[28

]

Package Fancyhdr Warning: \headheight is too small (8.53581pt): 
 Make it at least 14.49998pt.
 We now make it that large for the rest of the document.
 This may cause the page layout to be inconsistent, however.

[29]
Chapter 9.


pdfTeX warning: pdflatex.exe (file ./sentalwbss.pdf): PDF inclusion: found PDF 
version <1.7>, but at most version <1.5> allowed
<sentalwbss.pdf, id=143, 597.50786pt x 845.04686pt>
File: sentalwbss.pdf Graphic file (type pdf)
 <use sentalwbss.pdf>
Package pdftex.def Info: sentalwbss.pdf used on input line 409.
(pdftex.def)             Requested size: 597.5064pt x 845.0448pt.


pdfTeX warning: pdflatex.exe (file ./sentalwbss.pdf): PDF inclusion: found PDF 
version <1.7>, but at most version <1.5> allowed
File: sentalwbss.pdf Graphic file (type pdf)
<use sentalwbss.pdf>
Package pdftex.def Info: sentalwbss.pdf used on input line 409.
(pdftex.def)             Requested size: 597.5064pt x 845.0448pt.


pdfTeX warning: pdflatex.exe (file ./sentalwbss.pdf): PDF inclusion: found PDF 
version <1.7>, but at most version <1.5> allowed


pdfTeX warning: pdflatex.exe (file ./sentalwbss.pdf): PDF inclusion: found PDF 
version <1.7>, but at most version <1.5> allowed
<sentalwbss.pdf, id=146, page=1, 597.50786pt x 845.04686pt>
File: sentalwbss.pdf Graphic file (type pdf)

<use sentalwbss.pdf, page 1>
Package pdftex.def Info: sentalwbss.pdf, page1 used on input line 409.
(pdftex.def)             Requested size: 597.5064pt x 845.0448pt.
File: sentalwbss.pdf Graphic file (type pdf)
 <use sentalwbss.pdf, page 1>
Package pdftex.def Info: sentalwbss.pdf, page1 used on input line 409.
(pdftex.def)             Requested size: 597.53374pt x 845.08348pt.
 [30

]
File: sentalwbss.pdf Graphic file (type pdf)

<use sentalwbss.pdf, page 1>
Package pdftex.def Info: sentalwbss.pdf, page1 used on input line 409.
(pdftex.def)             Requested size: 597.53374pt x 845.08348pt.
File: sentalwbss.pdf Graphic file (type pdf)
 <use sentalwbss.pdf, page 1>
Package pdftex.def Info: sentalwbss.pdf, page1 used on input line 409.
(pdftex.def)             Requested size: 597.53374pt x 845.08348pt.
File: sentalwbss.pdf Graphic file (type pdf)

<use sentalwbss.pdf, page 1>
Package pdftex.def Info: sentalwbss.pdf, page1 used on input line 409.
(pdftex.def)             Requested size: 597.53374pt x 845.08348pt.
 [31 <./sentalwbss.pdf>]
Chapter 10.
[32

]
Chapter 11.
[33

] [34

] <images/CleannigTweet_module.jpg, id=231, 867.24pt x 237.88875pt>
File: images/CleannigTweet_module.jpg Graphic file (type jpg)

<use images/CleannigTweet_module.jpg>
Package pdftex.def Info: images/CleannigTweet_module.jpg used on input line 506
.
(pdftex.def)             Requested size: 414.90749pt x 113.81102pt.
File: images/SplitterModule.jpg Graphic file (type jpg)
 <use images/SplitterModule.jpg>
Package pdftex.def Info: images/SplitterModule.jpg used on input line 510.
(pdftex.def)             Requested size: 469.46492pt x 85.35826pt.

Overfull \hbox (14.22081pt too wide) in paragraph at lines 510--511
 [] 
 []

<images/PostTaggingModule.jpg, id=232, 895.84688pt x 150.5625pt>
File: images/PostTaggingModule.jpg Graphic file (type jpg)

<use images/PostTaggingModule.jpg>
Package pdftex.def Info: images/PostTaggingModule.jpg used on input line 514.
(pdftex.def)             Requested size: 507.90413pt x 85.35826pt.

Overfull \hbox (52.66002pt too wide) in paragraph at lines 514--515
 [] 
 []

File: images/SentenceScoreModule.jpg Graphic file (type jpg)
<use images/SentenceScoreModule.jpg>
Package pdftex.def Info: images/SentenceScoreModule.jpg used on input line 518.

(pdftex.def)             Requested size: 495.52908pt x 170.71652pt.

Overfull \hbox (40.28497pt too wide) in paragraph at lines 518--519
 [] 
 []

<images/DicTagging_1.jpg, id=233, 726.46407pt x 398.99063pt>
File: images/DicTagging_1.jpg Graphic file (type jpg)

<use images/DicTagging_1.jpg>
Package pdftex.def Info: images/DicTagging_1.jpg used on input line 522.
(pdftex.def)             Requested size: 466.26561pt x 256.0748pt.

Overfull \hbox (11.0215pt too wide) in paragraph at lines 522--523
 [] 
 []

[35 <./images/CleannigTweet_module.jpg> <./images/PostTaggingModule.jpg>]
<images/DicTagging_2.jpg, id=237, 858.95906pt x 427.5975pt>
File: images/DicTagging_2.jpg Graphic file (type jpg)

<use images/DicTagging_2.jpg>
Package pdftex.def Info: images/DicTagging_2.jpg used on input line 525.
(pdftex.def)             Requested size: 628.71255pt x 312.9803pt.

Overfull \hbox (173.46844pt too wide) in paragraph at lines 525--526
 [] 
 []

[36 <./images/DicTagging_1.jpg> <./images/DicTagging_2.jpg>]
<images/AddResult.jpg, id=241, 688.82344pt x 124.21407pt>
File: images/AddResult.jpg Graphic file (type jpg)

<use images/AddResult.jpg>
Package pdftex.def Info: images/AddResult.jpg used on input line 530.
(pdftex.def)             Requested size: 394.46228pt x 71.13188pt.

<images/DicUpdate.jpg, id=242, 791.95876pt x 297.36093pt>
File: images/DicUpdate.jpg Graphic file (type jpg)

<use images/DicUpdate.jpg>
Package pdftex.def Info: images/DicUpdate.jpg used on input line 534.
(pdftex.def)             Requested size: 454.65977pt x 170.71652pt.
 [37 <./images/AddResult.jpg> <./images/DicUpdate.jpg>]

pdfTeX warning: pdflatex.exe (file ./IJSRDV3I80379p.pdf): PDF inclusion: found 
PDF version <1.7>, but at most version <1.5> allowed
<IJSRDV3I80379p.pdf, id=247, 597.50786pt x 845.04686pt>
File: IJSRDV3I80379p.pdf Graphic file (type pdf)

<use IJSRDV3I80379p.pdf>
Package pdftex.def Info: IJSRDV3I80379p.pdf used on input line 538.
(pdftex.def)             Requested size: 597.5064pt x 845.0448pt.


pdfTeX warning: pdflatex.exe (file ./IJSRDV3I80379p.pdf): PDF inclusion: found 
PDF version <1.7>, but at most version <1.5> allowed
File: IJSRDV3I80379p.pdf Graphic file (type pdf)
<use IJSRDV3I80379p.pdf>
Package pdftex.def Info: IJSRDV3I80379p.pdf used on input line 538.
(pdftex.def)             Requested size: 597.5064pt x 845.0448pt.


pdfTeX warning: pdflatex.exe (file ./IJSRDV3I80379p.pdf): PDF inclusion: found 
PDF version <1.7>, but at most version <1.5> allowed


pdfTeX warning: pdflatex.exe (file ./IJSRDV3I80379p.pdf): PDF inclusion: found 
PDF version <1.7>, but at most version <1.5> allowed
<IJSRDV3I80379p.pdf, id=250, page=1, 597.50786pt x 845.04686pt>
File: IJSRDV3I80379p.pdf Graphic file (type pdf)

<use IJSRDV3I80379p.pdf, page 1>
Package pdftex.def Info: IJSRDV3I80379p.pdf, page1 used on input line 538.
(pdftex.def)             Requested size: 597.5064pt x 845.0448pt.
File: IJSRDV3I80379p.pdf Graphic file (type pdf)
 <use IJSRDV3I80379p.pdf, page 1>
Package pdftex.def Info: IJSRDV3I80379p.pdf, page1 used on input line 538.
(pdftex.def)             Requested size: 597.53374pt x 845.08348pt.
File: IJSRDV3I80379p.pdf Graphic file (type pdf)

<use IJSRDV3I80379p.pdf, page 1>
Package pdftex.def Info: IJSRDV3I80379p.pdf, page1 used on input line 538.
(pdftex.def)             Requested size: 597.53374pt x 845.08348pt.
File: IJSRDV3I80379p.pdf Graphic file (type pdf)
 <use IJSRDV3I80379p.pdf, page 1>
Package pdftex.def Info: IJSRDV3I80379p.pdf, page1 used on input line 538.
(pdftex.def)             Requested size: 597.53374pt x 845.08348pt.
File: IJSRDV3I80379p.pdf Graphic file (type pdf)

<use IJSRDV3I80379p.pdf, page 1>
Package pdftex.def Info: IJSRDV3I80379p.pdf, page1 used on input line 538.
(pdftex.def)             Requested size: 597.53374pt x 845.08348pt.
 [38 <./IJSRDV3I80379p.pdf>]

pdfTeX warning: pdflatex.exe (file ./IJSRDV3I80379p.pdf): PDF inclusion: found 
PDF version <1.7>, but at most version <1.5> allowed
<IJSRDV3I80379p.pdf, id=298, page=2, 597.50786pt x 845.04686pt>
File: IJSRDV3I80379p.pdf Graphic file (type pdf)

<use IJSRDV3I80379p.pdf, page 2>
Package pdftex.def Info: IJSRDV3I80379p.pdf, page2 used on input line 538.
(pdftex.def)             Requested size: 597.53374pt x 845.08348pt.
File: IJSRDV3I80379p.pdf Graphic file (type pdf)
 <use IJSRDV3I80379p.pdf, page 2>
Package pdftex.def Info: IJSRDV3I80379p.pdf, page2 used on input line 538.
(pdftex.def)             Requested size: 597.53374pt x 845.08348pt.
File: IJSRDV3I80379p.pdf Graphic file (type pdf)

<use IJSRDV3I80379p.pdf, page 2>
Package pdftex.def Info: IJSRDV3I80379p.pdf, page2 used on input line 538.
(pdftex.def)             Requested size: 597.53374pt x 845.08348pt.
 [39 <./IJSRDV3I80379p.pdf>]

pdfTeX warning: pdflatex.exe (file ./IJSRDV3I80379p.pdf): PDF inclusion: found 
PDF version <1.7>, but at most version <1.5> allowed
<IJSRDV3I80379p.pdf, id=305, page=3, 597.50786pt x 845.04686pt>
File: IJSRDV3I80379p.pdf Graphic file (type pdf)

<use IJSRDV3I80379p.pdf, page 3>
Package pdftex.def Info: IJSRDV3I80379p.pdf, page3 used on input line 538.
(pdftex.def)             Requested size: 597.53374pt x 845.08348pt.
File: IJSRDV3I80379p.pdf Graphic file (type pdf)
 <use IJSRDV3I80379p.pdf, page 3>
Package pdftex.def Info: IJSRDV3I80379p.pdf, page3 used on input line 538.
(pdftex.def)             Requested size: 597.53374pt x 845.08348pt.
File: IJSRDV3I80379p.pdf Graphic file (type pdf)

<use IJSRDV3I80379p.pdf, page 3>
Package pdftex.def Info: IJSRDV3I80379p.pdf, page3 used on input line 538.
(pdftex.def)             Requested size: 597.53374pt x 845.08348pt.
 [40 <./IJSRDV3I80379p.pdf>]

pdfTeX warning: pdflatex.exe (file ./acceptanceletter.pdf): PDF inclusion: foun
d PDF version <1.7>, but at most version <1.5> allowed
<acceptanceletter.pdf, id=309, 597.50786pt x 845.04686pt>
File: acceptanceletter.pdf Graphic file (type pdf)

<use acceptanceletter.pdf>
Package pdftex.def Info: acceptanceletter.pdf used on input line 539.
(pdftex.def)             Requested size: 597.5064pt x 845.0448pt.


pdfTeX warning: pdflatex.exe (file ./acceptanceletter.pdf): PDF inclusion: foun
d PDF version <1.7>, but at most version <1.5> allowed
File: acceptanceletter.pdf Graphic file (type pdf)
<use acceptanceletter.pdf>
Package pdftex.def Info: acceptanceletter.pdf used on input line 539.
(pdftex.def)             Requested size: 597.5064pt x 845.0448pt.


pdfTeX warning: pdflatex.exe (file ./acceptanceletter.pdf): PDF inclusion: foun
d PDF version <1.7>, but at most version <1.5> allowed


pdfTeX warning: pdflatex.exe (file ./acceptanceletter.pdf): PDF inclusion: foun
d PDF version <1.7>, but at most version <1.5> allowed
<acceptanceletter.pdf, id=312, page=1, 597.50786pt x 845.04686pt>
File: acceptanceletter.pdf Graphic file (type pdf)

<use acceptanceletter.pdf, page 1>
Package pdftex.def Info: acceptanceletter.pdf, page1 used on input line 539.
(pdftex.def)             Requested size: 597.5064pt x 845.0448pt.
File: acceptanceletter.pdf Graphic file (type pdf)
 <use acceptanceletter.pdf, page 1>
Package pdftex.def Info: acceptanceletter.pdf, page1 used on input line 539.
(pdftex.def)             Requested size: 597.53374pt x 845.08348pt.
File: acceptanceletter.pdf Graphic file (type pdf)

<use acceptanceletter.pdf, page 1>
Package pdftex.def Info: acceptanceletter.pdf, page1 used on input line 539.
(pdftex.def)             Requested size: 597.53374pt x 845.08348pt.
File: acceptanceletter.pdf Graphic file (type pdf)
 <use acceptanceletter.pdf, page 1>
Package pdftex.def Info: acceptanceletter.pdf, page1 used on input line 539.
(pdftex.def)             Requested size: 597.53374pt x 845.08348pt.
File: acceptanceletter.pdf Graphic file (type pdf)

<use acceptanceletter.pdf, page 1>
Package pdftex.def Info: acceptanceletter.pdf, page1 used on input line 539.
(pdftex.def)             Requested size: 597.53374pt x 845.08348pt.
 [41 <./acceptanceletter.pdf>] [42]
<images/team.jpg, id=325, 4143.48pt x 2330.7075pt>
File: images/team.jpg Graphic file (type jpg)
 <use images/team.jpg>
Package pdftex.def Info: images/team.jpg used on input line 568.
(pdftex.def)             Requested size: 426.79134pt x 240.05489pt.

[43 <./images/team.jpg>] (content.aux)

LaTeX Warning: There were multiply-defined labels.

 ) 
Here is how much of TeX's memory you used:
 11003 strings out of 493634
 161003 string characters out of 3143747
 313359 words of memory out of 3000000
 14089 multiletter control sequences out of 15000+200000
 19708 words of font info for 46 fonts, out of 3000000 for 9000
 1025 hyphenation exceptions out of 8191
 53i,18n,92p,1943b,526s stack positions out of 5000i,500n,10000p,200000b,50000s
{C:/Program Files/MiKTeX 2.9/fonts/enc/dvips/fontname/8r.enc}<C:/Program File
s/MiKTeX 2.9/fonts/type1/public/amsfonts/cm/cmsy10.pfb><C:/Program Files/MiKTeX
 2.9/fonts/type1/urw/times/utmb8a.pfb><C:/Program Files/MiKTeX 2.9/fonts/type1/
urw/times/utmr8a.pfb><C:/Program Files/MiKTeX 2.9/fonts/type1/urw/times/utmri8a
.pfb>
Output written on content.pdf (49 pages, 5454672 bytes).
PDF statistics:
 347 PDF objects out of 1000 (max. 8388607)
 0 named destinations out of 1000 (max. 500000)
 246 words of extra memory for PDF output out of 10000 (max. 10000000)

